2023-09-03 14:40:20,631.xtra_p2.INFO ==================================================
2023-09-03 14:40:20,637.xtra_p2.INFO Today is 2023-09-03 at 02:40 PM
2023-09-03 14:40:20,892.xtra_p2.INFO Running on: nt Windows 10
2023-09-03 14:40:20,909.xtra_p2.INFO Python version:  3.11.5
2023-09-03 14:40:20,920.xtra_p2.INFO Python path: C:\Program Files\WindowsApps\PythonSoftwareFoundation.Python.3.11_3.11.1520.0_x64__qbz5n2kfra8p0
2023-09-03 14:40:20,939.xtra_p2.INFO Working dir: C:\Users\user\Documents\datafun-02-functions
2023-09-03 14:40:20,939.xtra_p2.INFO ==================================================
2023-09-03 14:40:20,940.xtra_p2.INFO CALLING add_two(1,2)
2023-09-03 14:40:20,940.xtra_p2.INFO RETURNING 3
2023-09-03 14:40:20,940.xtra_p2.INFO CALLING add_two(hello,world)
2023-09-03 14:40:20,941.xtra_p2.INFO RETURNING helloworld
2023-09-03 14:40:20,944.xtra_p2.INFO CALLING add_triangle_list([1, 1, 3, 3])
2023-09-03 14:40:20,962.xtra_p2.INFO RETURNING 8
2023-09-03 14:40:20,963.xtra_p2.INFO CALLING add_any_using_args((1, 1, 1, 2))
2023-09-03 14:40:20,963.xtra_p2.INFO RETURNING 5
2023-09-03 14:40:20,964.xtra_p2.INFO CALLING sum_any_with_keywords({'a': 1, 'b': 2, 'c': 3})
2023-09-03 14:40:20,964.xtra_p2.INFO RETURNING 6
2023-09-03 14:40:20,965.xtra_p2.INFO CALLING transform_using_keyword_args_with_default_values(input=bearcat, reverse=False)
2023-09-03 14:40:20,965.xtra_p2.INFO RETURNING bea
2023-09-03 14:40:20,966.xtra_p2.INFO CALLING transform_using_keyword_args_with_default_values(input=bearcat, reverse=True)
2023-09-03 14:40:20,966.xtra_p2.INFO RETURNING aeb
2023-09-03 14:40:20,967.xtra_p2.INFO CALLING transform_using_keyword_args_with_default_values(input=hello, reverse=True)
2023-09-03 14:40:20,967.xtra_p2.INFO RETURNING leh
2023-09-03 14:40:20,968.xtra_p2.INFO ===========================================================
2023-09-03 14:40:20,968.xtra_p2.INFO Running doctest.testmod() function to unit test our code
2023-09-03 14:40:20,969.xtra_p2.INFO ===========================================================
2023-09-03 14:40:20,974.xtra_p2.INFO CALLING add_two(1,2)
2023-09-03 14:40:20,974.xtra_p2.INFO RETURNING 3
2023-09-03 14:40:20,975.xtra_p2.INFO CALLING add_two(hello, world)
2023-09-03 14:40:20,975.xtra_p2.INFO RETURNING hello world
2023-09-03 14:40:20,976.xtra_p2.INFO CALLING add_triangle_list([1, 1, 3, 3])
2023-09-03 14:40:20,976.xtra_p2.INFO RETURNING 8
2023-09-03 14:40:20,977.xtra_p2.INFO CALLING transform_using_keyword_args_with_default_values(input=bearcat, reverse=False)
2023-09-03 14:40:20,977.xtra_p2.INFO RETURNING bea
2023-09-03 14:40:20,978.xtra_p2.INFO CALLING transform_using_keyword_args_with_default_values(input=bearcat, reverse=True)
2023-09-03 14:40:20,979.xtra_p2.INFO RETURNING aeb
2023-09-03 14:40:20,979.xtra_p2.INFO CALLING transform_using_keyword_args_with_default_values(input=hello, reverse=True)
2023-09-03 14:40:20,980.xtra_p2.INFO RETURNING leh
2023-09-03 14:40:20,980.xtra_p2.INFO CALLING add_any_using_args((1, 1, 1, 2))
2023-09-03 14:40:20,981.xtra_p2.INFO RETURNING 5
2023-09-03 14:40:20,981.xtra_p2.INFO CALLING sum_any_with_keywords({'a': 1, 'b': 2, 'c': 3})
2023-09-03 14:40:20,982.xtra_p2.INFO RETURNING 6
2023-09-03 14:40:20,995.xtra_p2.INFO All tests passed!
2023-09-03 14:40:20,996.xtra_p2.INFO Script complete. More info in the log file.
